c:\users\cmdadmin\desktop\csc8506\nclgl\debug\md5mesh.obj
c:\users\cmdadmin\desktop\csc8506\nclgl\debug\md5node.obj
c:\users\cmdadmin\desktop\csc8506\nclgl\debug\mesh.obj
c:\users\cmdadmin\desktop\csc8506\nclgl\debug\mouse.obj
c:\users\cmdadmin\desktop\csc8506\nclgl\debug\networkservices.obj
c:\users\cmdadmin\desktop\csc8506\nclgl\debug\objmesh.obj
c:\users\cmdadmin\desktop\csc8506\nclgl\debug\oglrenderer.obj
c:\users\cmdadmin\desktop\csc8506\nclgl\debug\plane.obj
c:\users\cmdadmin\desktop\csc8506\nclgl\debug\quaternion.obj
c:\users\cmdadmin\desktop\csc8506\nclgl\debug\scenenode.obj
c:\users\cmdadmin\desktop\csc8506\nclgl\debug\servergame.obj
c:\users\cmdadmin\desktop\csc8506\nclgl\debug\servernetwork.obj
c:\users\cmdadmin\desktop\csc8506\nclgl\debug\shader.obj
c:\users\cmdadmin\desktop\csc8506\nclgl\debug\sound.obj
c:\users\cmdadmin\desktop\csc8506\nclgl\debug\soundmanager.obj
c:\users\cmdadmin\desktop\csc8506\nclgl\debug\soundnode.obj
c:\users\cmdadmin\desktop\csc8506\nclgl\debug\soundsystem.obj
c:\users\cmdadmin\desktop\csc8506\nclgl\debug\stdafx.obj
c:\users\cmdadmin\desktop\csc8506\nclgl\debug\textmesh.obj
c:\users\cmdadmin\desktop\csc8506\nclgl\debug\window.obj
c:\users\cmdadmin\desktop\csc8506\nclgl\debug\camera.obj
c:\users\cmdadmin\desktop\csc8506\nclgl\debug\cuberobot.obj
c:\users\cmdadmin\desktop\csc8506\nclgl\debug\frustum.obj
c:\users\cmdadmin\desktop\csc8506\nclgl\debug\gametimer.obj
c:\users\cmdadmin\desktop\csc8506\nclgl\debug\keyboard.obj
c:\users\cmdadmin\desktop\csc8506\nclgl\debug\matrix4.obj
c:\users\cmdadmin\desktop\csc8506\nclgl\debug\md5anim.obj
c:\users\cmdadmin\desktop\csc8506\nclgl\debug\md5filedata.obj
c:\users\cmdadmin\desktop\csc8506\nclgl\debug\vc110.pdb
c:\users\cmdadmin\desktop\csc8506\nclgl\debug\nclgl.lib
c:\users\cmdadmin\desktop\csc8506\nclgl\debug\cl.command.1.tlog
c:\users\cmdadmin\desktop\csc8506\nclgl\debug\cl.read.1.tlog
c:\users\cmdadmin\desktop\csc8506\nclgl\debug\cl.write.1.tlog
c:\users\cmdadmin\desktop\csc8506\nclgl\debug\lib-link.read.1.tlog
c:\users\cmdadmin\desktop\csc8506\nclgl\debug\lib-link.write.1.tlog
c:\users\cmdadmin\desktop\csc8506\nclgl\debug\lib.command.1.tlog
c:\users\cmdadmin\desktop\csc8506\nclgl\debug\vc110.idb
