d:\teamproject\csc8506\csc8506 team project\debug\collisionhelper.obj
d:\teamproject\csc8506\csc8506 team project\debug\gameclass.obj
d:\teamproject\csc8506\csc8506 team project\debug\gameentity.obj
d:\teamproject\csc8506\csc8506 team project\debug\main.obj
d:\teamproject\csc8506\csc8506 team project\debug\mygame.obj
d:\teamproject\csc8506\csc8506 team project\debug\physicsnode.obj
d:\teamproject\csc8506\csc8506 team project\debug\physicssystem.obj
d:\teamproject\csc8506\csc8506 team project\debug\renderer.obj
d:\teamproject\csc8506\csc8506 team project\debug\spring.obj
d:\teamproject\csc8506\csc8506 team project\debug\vc110.pdb
d:\teamproject\csc8506\csc8506 team project\debug\spaceshipfsm.obj
d:\teamproject\csc8506\csc8506 team project\debug\framebuffer.obj
d:\teamproject\csc8506\csc8506 team project\debug\ginterface.obj
d:\teamproject\csc8506\csc8506 team project\debug\material.obj
d:\teamproject\csc8506\csc8506 team project\debug\texture.obj
d:\teamproject\csc8506\csc8506 team project\debug\trackchunks.obj
d:\teamproject\csc8506\csc8506 team project\debug\trackgenerator.obj
d:\teamproject\csc8506\csc8506 team project\debug\trackrenderer.obj
d:\teamproject\csc8506\csc8506 team project\debug\tracksettings.obj
d:\teamproject\csc8506\csc8506 team project\debug\trackspline.obj
d:\teamproject\csc8506\csc8506 team project\debug\tracksplinemesh.obj
d:\teamproject\csc8506\csc8506 team project\debug\track.obj
d:\teamproject\csc8506\csc8506 team project\debug\trackchunkmesh.obj
d:\teamproject\csc8506\csc8506 team project\debug\trackheightgenmesh.obj
d:\teamproject\csc8506\csc8506 team project\debug\trackchunkscenenode.obj
d:\teamproject\csc8506\csc8506 team project\debug\tracksplinescenenode.obj
d:\teamproject\csc8506\csc8506 team project\debug\obstacle.obj
d:\teamproject\csc8506\csc8506 team project\debug\particleemitter.obj
d:\teamproject\csc8506\csc8506 team project\debug\particlescenenode.obj
c:\users\cmdadmin\desktop\csc8506\csc8506 team project\debug\obstacle.obj
c:\users\cmdadmin\desktop\csc8506\csc8506 team project\debug\particleemitter.obj
c:\users\cmdadmin\desktop\csc8506\csc8506 team project\debug\physicsnode.obj
c:\users\cmdadmin\desktop\csc8506\csc8506 team project\debug\physicssystem.obj
c:\users\cmdadmin\desktop\csc8506\csc8506 team project\debug\particlescenenode.obj
c:\users\cmdadmin\desktop\csc8506\csc8506 team project\debug\trackchunks.obj
c:\users\cmdadmin\desktop\csc8506\csc8506 team project\debug\trackgenerator.obj
c:\users\cmdadmin\desktop\csc8506\csc8506 team project\debug\trackrenderer.obj
c:\users\cmdadmin\desktop\csc8506\csc8506 team project\debug\tracksettings.obj
c:\users\cmdadmin\desktop\csc8506\csc8506 team project\debug\trackspline.obj
c:\users\cmdadmin\desktop\csc8506\csc8506 team project\debug\tracksplinemesh.obj
c:\users\cmdadmin\desktop\csc8506\csc8506 team project\debug\spring.obj
c:\users\cmdadmin\desktop\csc8506\csc8506 team project\debug\texture.obj
c:\users\cmdadmin\desktop\csc8506\csc8506 team project\debug\track.obj
c:\users\cmdadmin\desktop\csc8506\csc8506 team project\debug\trackchunkmesh.obj
c:\users\cmdadmin\desktop\csc8506\csc8506 team project\debug\trackheightgenmesh.obj
c:\users\cmdadmin\desktop\csc8506\csc8506 team project\debug\trackchunkscenenode.obj
c:\users\cmdadmin\desktop\csc8506\csc8506 team project\debug\tracksplinescenenode.obj
c:\users\cmdadmin\desktop\csc8506\csc8506 team project\debug\collisionhelper.obj
c:\users\cmdadmin\desktop\csc8506\csc8506 team project\debug\framebuffer.obj
c:\users\cmdadmin\desktop\csc8506\csc8506 team project\debug\gameentity.obj
c:\users\cmdadmin\desktop\csc8506\csc8506 team project\debug\ginterface.obj
c:\users\cmdadmin\desktop\csc8506\csc8506 team project\debug\material.obj
c:\users\cmdadmin\desktop\csc8506\csc8506 team project\debug\vc110.pdb
c:\users\cmdadmin\desktop\csc8506\csc8506 team project\debug\gameclass.obj
c:\users\cmdadmin\desktop\csc8506\csc8506 team project\debug\renderer.obj
c:\users\cmdadmin\desktop\csc8506\csc8506 team project\debug\main.obj
c:\users\cmdadmin\desktop\csc8506\csc8506 team project\debug\mygame.obj
d:\teamproject\csc8506\debug\csc8506 team project.ilk
d:\teamproject\csc8506\debug\csc8506 team project.exe
d:\teamproject\csc8506\debug\csc8506 team project.pdb
c:\users\cmdadmin\desktop\csc8506\csc8506 team project\debug\spaceshipfsm.obj
c:\users\cmdadmin\desktop\csc8506\csc8506 team project\debug\cl.command.1.tlog
c:\users\cmdadmin\desktop\csc8506\csc8506 team project\debug\cl.read.1.tlog
c:\users\cmdadmin\desktop\csc8506\csc8506 team project\debug\cl.write.1.tlog
c:\users\cmdadmin\desktop\csc8506\csc8506 team project\debug\link-cvtres.read.1.tlog
c:\users\cmdadmin\desktop\csc8506\csc8506 team project\debug\link-cvtres.write.1.tlog
c:\users\cmdadmin\desktop\csc8506\csc8506 team project\debug\link-rc.read.1.tlog
c:\users\cmdadmin\desktop\csc8506\csc8506 team project\debug\link-rc.write.1.tlog
c:\users\cmdadmin\desktop\csc8506\csc8506 team project\debug\link.1000-cvtres.read.1.tlog
c:\users\cmdadmin\desktop\csc8506\csc8506 team project\debug\link.1000-cvtres.write.1.tlog
c:\users\cmdadmin\desktop\csc8506\csc8506 team project\debug\link.1000-rc.read.1.tlog
c:\users\cmdadmin\desktop\csc8506\csc8506 team project\debug\link.1000-rc.write.1.tlog
c:\users\cmdadmin\desktop\csc8506\csc8506 team project\debug\link.1000.read.1.tlog
c:\users\cmdadmin\desktop\csc8506\csc8506 team project\debug\link.1000.write.1.tlog
c:\users\cmdadmin\desktop\csc8506\csc8506 team project\debug\link.1080-cvtres.read.1.tlog
c:\users\cmdadmin\desktop\csc8506\csc8506 team project\debug\link.1080-cvtres.write.1.tlog
c:\users\cmdadmin\desktop\csc8506\csc8506 team project\debug\link.1080-rc.read.1.tlog
c:\users\cmdadmin\desktop\csc8506\csc8506 team project\debug\link.1080-rc.write.1.tlog
c:\users\cmdadmin\desktop\csc8506\csc8506 team project\debug\link.1080.read.1.tlog
c:\users\cmdadmin\desktop\csc8506\csc8506 team project\debug\link.1080.write.1.tlog
c:\users\cmdadmin\desktop\csc8506\csc8506 team project\debug\link.1156-cvtres.read.1.tlog
c:\users\cmdadmin\desktop\csc8506\csc8506 team project\debug\link.1156-cvtres.write.1.tlog
c:\users\cmdadmin\desktop\csc8506\csc8506 team project\debug\link.1156-rc.read.1.tlog
c:\users\cmdadmin\desktop\csc8506\csc8506 team project\debug\link.1156-rc.write.1.tlog
c:\users\cmdadmin\desktop\csc8506\csc8506 team project\debug\link.1156.read.1.tlog
c:\users\cmdadmin\desktop\csc8506\csc8506 team project\debug\link.1156.write.1.tlog
c:\users\cmdadmin\desktop\csc8506\csc8506 team project\debug\link.1760-cvtres.read.1.tlog
c:\users\cmdadmin\desktop\csc8506\csc8506 team project\debug\link.1760-cvtres.write.1.tlog
c:\users\cmdadmin\desktop\csc8506\csc8506 team project\debug\link.1760-rc.read.1.tlog
c:\users\cmdadmin\desktop\csc8506\csc8506 team project\debug\link.1760-rc.write.1.tlog
c:\users\cmdadmin\desktop\csc8506\csc8506 team project\debug\link.1760.read.1.tlog
c:\users\cmdadmin\desktop\csc8506\csc8506 team project\debug\link.1760.write.1.tlog
c:\users\cmdadmin\desktop\csc8506\csc8506 team project\debug\link.2204-cvtres.read.1.tlog
c:\users\cmdadmin\desktop\csc8506\csc8506 team project\debug\link.2204-cvtres.write.1.tlog
c:\users\cmdadmin\desktop\csc8506\csc8506 team project\debug\link.2204-rc.read.1.tlog
c:\users\cmdadmin\desktop\csc8506\csc8506 team project\debug\link.2204-rc.write.1.tlog
c:\users\cmdadmin\desktop\csc8506\csc8506 team project\debug\link.2204.read.1.tlog
c:\users\cmdadmin\desktop\csc8506\csc8506 team project\debug\link.2204.write.1.tlog
c:\users\cmdadmin\desktop\csc8506\csc8506 team project\debug\link.2236-cvtres.read.1.tlog
c:\users\cmdadmin\desktop\csc8506\csc8506 team project\debug\link.2236-cvtres.write.1.tlog
c:\users\cmdadmin\desktop\csc8506\csc8506 team project\debug\link.2236-rc.read.1.tlog
c:\users\cmdadmin\desktop\csc8506\csc8506 team project\debug\link.2236-rc.write.1.tlog
c:\users\cmdadmin\desktop\csc8506\csc8506 team project\debug\link.2236.read.1.tlog
c:\users\cmdadmin\desktop\csc8506\csc8506 team project\debug\link.2236.write.1.tlog
c:\users\cmdadmin\desktop\csc8506\csc8506 team project\debug\link.2932-cvtres.read.1.tlog
c:\users\cmdadmin\desktop\csc8506\csc8506 team project\debug\link.2932-cvtres.write.1.tlog
c:\users\cmdadmin\desktop\csc8506\csc8506 team project\debug\link.2932-rc.read.1.tlog
c:\users\cmdadmin\desktop\csc8506\csc8506 team project\debug\link.2932-rc.write.1.tlog
c:\users\cmdadmin\desktop\csc8506\csc8506 team project\debug\link.2932.read.1.tlog
c:\users\cmdadmin\desktop\csc8506\csc8506 team project\debug\link.2932.write.1.tlog
c:\users\cmdadmin\desktop\csc8506\csc8506 team project\debug\link.3240-cvtres.read.1.tlog
c:\users\cmdadmin\desktop\csc8506\csc8506 team project\debug\link.3240-cvtres.write.1.tlog
c:\users\cmdadmin\desktop\csc8506\csc8506 team project\debug\link.3240-rc.read.1.tlog
c:\users\cmdadmin\desktop\csc8506\csc8506 team project\debug\link.3240-rc.write.1.tlog
c:\users\cmdadmin\desktop\csc8506\csc8506 team project\debug\link.3240.read.1.tlog
c:\users\cmdadmin\desktop\csc8506\csc8506 team project\debug\link.3240.write.1.tlog
c:\users\cmdadmin\desktop\csc8506\csc8506 team project\debug\link.3356-cvtres.read.1.tlog
c:\users\cmdadmin\desktop\csc8506\csc8506 team project\debug\link.3356-cvtres.write.1.tlog
c:\users\cmdadmin\desktop\csc8506\csc8506 team project\debug\link.3356-rc.read.1.tlog
c:\users\cmdadmin\desktop\csc8506\csc8506 team project\debug\link.3356-rc.write.1.tlog
c:\users\cmdadmin\desktop\csc8506\csc8506 team project\debug\link.3356.read.1.tlog
c:\users\cmdadmin\desktop\csc8506\csc8506 team project\debug\link.3356.write.1.tlog
c:\users\cmdadmin\desktop\csc8506\csc8506 team project\debug\link.3420-cvtres.read.1.tlog
c:\users\cmdadmin\desktop\csc8506\csc8506 team project\debug\link.3420-cvtres.write.1.tlog
c:\users\cmdadmin\desktop\csc8506\csc8506 team project\debug\link.3420-rc.read.1.tlog
c:\users\cmdadmin\desktop\csc8506\csc8506 team project\debug\link.3420-rc.write.1.tlog
c:\users\cmdadmin\desktop\csc8506\csc8506 team project\debug\link.3420.read.1.tlog
c:\users\cmdadmin\desktop\csc8506\csc8506 team project\debug\link.3420.write.1.tlog
c:\users\cmdadmin\desktop\csc8506\csc8506 team project\debug\link.4116-cvtres.read.1.tlog
c:\users\cmdadmin\desktop\csc8506\csc8506 team project\debug\link.4116-cvtres.write.1.tlog
c:\users\cmdadmin\desktop\csc8506\csc8506 team project\debug\link.4116-rc.read.1.tlog
c:\users\cmdadmin\desktop\csc8506\csc8506 team project\debug\link.4116-rc.write.1.tlog
c:\users\cmdadmin\desktop\csc8506\csc8506 team project\debug\link.4116.read.1.tlog
c:\users\cmdadmin\desktop\csc8506\csc8506 team project\debug\link.4116.write.1.tlog
c:\users\cmdadmin\desktop\csc8506\csc8506 team project\debug\link.4288-cvtres.read.1.tlog
c:\users\cmdadmin\desktop\csc8506\csc8506 team project\debug\link.4288-cvtres.write.1.tlog
c:\users\cmdadmin\desktop\csc8506\csc8506 team project\debug\link.4288-rc.read.1.tlog
c:\users\cmdadmin\desktop\csc8506\csc8506 team project\debug\link.4288-rc.write.1.tlog
c:\users\cmdadmin\desktop\csc8506\csc8506 team project\debug\link.4288.read.1.tlog
c:\users\cmdadmin\desktop\csc8506\csc8506 team project\debug\link.4288.write.1.tlog
c:\users\cmdadmin\desktop\csc8506\csc8506 team project\debug\link.4520-cvtres.read.1.tlog
c:\users\cmdadmin\desktop\csc8506\csc8506 team project\debug\link.4520-cvtres.write.1.tlog
c:\users\cmdadmin\desktop\csc8506\csc8506 team project\debug\link.4520-rc.read.1.tlog
c:\users\cmdadmin\desktop\csc8506\csc8506 team project\debug\link.4520-rc.write.1.tlog
c:\users\cmdadmin\desktop\csc8506\csc8506 team project\debug\link.4520.read.1.tlog
c:\users\cmdadmin\desktop\csc8506\csc8506 team project\debug\link.4520.write.1.tlog
c:\users\cmdadmin\desktop\csc8506\csc8506 team project\debug\link.4532-cvtres.read.1.tlog
c:\users\cmdadmin\desktop\csc8506\csc8506 team project\debug\link.4532-cvtres.write.1.tlog
c:\users\cmdadmin\desktop\csc8506\csc8506 team project\debug\link.4532-rc.read.1.tlog
c:\users\cmdadmin\desktop\csc8506\csc8506 team project\debug\link.4532-rc.write.1.tlog
c:\users\cmdadmin\desktop\csc8506\csc8506 team project\debug\link.4532.read.1.tlog
c:\users\cmdadmin\desktop\csc8506\csc8506 team project\debug\link.4532.write.1.tlog
c:\users\cmdadmin\desktop\csc8506\csc8506 team project\debug\link.4540-cvtres.read.1.tlog
c:\users\cmdadmin\desktop\csc8506\csc8506 team project\debug\link.4540-cvtres.write.1.tlog
c:\users\cmdadmin\desktop\csc8506\csc8506 team project\debug\link.4540-rc.read.1.tlog
c:\users\cmdadmin\desktop\csc8506\csc8506 team project\debug\link.4540-rc.write.1.tlog
c:\users\cmdadmin\desktop\csc8506\csc8506 team project\debug\link.4540.read.1.tlog
c:\users\cmdadmin\desktop\csc8506\csc8506 team project\debug\link.4540.write.1.tlog
c:\users\cmdadmin\desktop\csc8506\csc8506 team project\debug\link.4924-cvtres.read.1.tlog
c:\users\cmdadmin\desktop\csc8506\csc8506 team project\debug\link.4924-cvtres.write.1.tlog
c:\users\cmdadmin\desktop\csc8506\csc8506 team project\debug\link.4924-rc.read.1.tlog
c:\users\cmdadmin\desktop\csc8506\csc8506 team project\debug\link.4924-rc.write.1.tlog
c:\users\cmdadmin\desktop\csc8506\csc8506 team project\debug\link.4924.read.1.tlog
c:\users\cmdadmin\desktop\csc8506\csc8506 team project\debug\link.4924.write.1.tlog
c:\users\cmdadmin\desktop\csc8506\csc8506 team project\debug\link.4952-cvtres.read.1.tlog
c:\users\cmdadmin\desktop\csc8506\csc8506 team project\debug\link.4952-cvtres.write.1.tlog
c:\users\cmdadmin\desktop\csc8506\csc8506 team project\debug\link.4952-rc.read.1.tlog
c:\users\cmdadmin\desktop\csc8506\csc8506 team project\debug\link.4952-rc.write.1.tlog
c:\users\cmdadmin\desktop\csc8506\csc8506 team project\debug\link.4952.read.1.tlog
c:\users\cmdadmin\desktop\csc8506\csc8506 team project\debug\link.4952.write.1.tlog
c:\users\cmdadmin\desktop\csc8506\csc8506 team project\debug\link.5424-cvtres.read.1.tlog
c:\users\cmdadmin\desktop\csc8506\csc8506 team project\debug\link.5424-cvtres.write.1.tlog
c:\users\cmdadmin\desktop\csc8506\csc8506 team project\debug\link.5424-rc.read.1.tlog
c:\users\cmdadmin\desktop\csc8506\csc8506 team project\debug\link.5424-rc.write.1.tlog
c:\users\cmdadmin\desktop\csc8506\csc8506 team project\debug\link.5424.read.1.tlog
c:\users\cmdadmin\desktop\csc8506\csc8506 team project\debug\link.5424.write.1.tlog
c:\users\cmdadmin\desktop\csc8506\csc8506 team project\debug\link.5592-cvtres.read.1.tlog
c:\users\cmdadmin\desktop\csc8506\csc8506 team project\debug\link.5592-cvtres.write.1.tlog
c:\users\cmdadmin\desktop\csc8506\csc8506 team project\debug\link.5592-rc.read.1.tlog
c:\users\cmdadmin\desktop\csc8506\csc8506 team project\debug\link.5592-rc.write.1.tlog
c:\users\cmdadmin\desktop\csc8506\csc8506 team project\debug\link.5592.read.1.tlog
c:\users\cmdadmin\desktop\csc8506\csc8506 team project\debug\link.5592.write.1.tlog
c:\users\cmdadmin\desktop\csc8506\csc8506 team project\debug\link.5696-cvtres.read.1.tlog
c:\users\cmdadmin\desktop\csc8506\csc8506 team project\debug\link.5696-cvtres.write.1.tlog
c:\users\cmdadmin\desktop\csc8506\csc8506 team project\debug\link.5696-rc.read.1.tlog
c:\users\cmdadmin\desktop\csc8506\csc8506 team project\debug\link.5696-rc.write.1.tlog
c:\users\cmdadmin\desktop\csc8506\csc8506 team project\debug\link.5696.read.1.tlog
c:\users\cmdadmin\desktop\csc8506\csc8506 team project\debug\link.5696.write.1.tlog
c:\users\cmdadmin\desktop\csc8506\csc8506 team project\debug\link.5764-cvtres.read.1.tlog
c:\users\cmdadmin\desktop\csc8506\csc8506 team project\debug\link.5764-cvtres.write.1.tlog
c:\users\cmdadmin\desktop\csc8506\csc8506 team project\debug\link.5764-rc.read.1.tlog
c:\users\cmdadmin\desktop\csc8506\csc8506 team project\debug\link.5764-rc.write.1.tlog
c:\users\cmdadmin\desktop\csc8506\csc8506 team project\debug\link.5764.read.1.tlog
c:\users\cmdadmin\desktop\csc8506\csc8506 team project\debug\link.5764.write.1.tlog
c:\users\cmdadmin\desktop\csc8506\csc8506 team project\debug\link.5864-cvtres.read.1.tlog
c:\users\cmdadmin\desktop\csc8506\csc8506 team project\debug\link.5864-cvtres.write.1.tlog
c:\users\cmdadmin\desktop\csc8506\csc8506 team project\debug\link.5864-rc.read.1.tlog
c:\users\cmdadmin\desktop\csc8506\csc8506 team project\debug\link.5864-rc.write.1.tlog
c:\users\cmdadmin\desktop\csc8506\csc8506 team project\debug\link.5864.read.1.tlog
c:\users\cmdadmin\desktop\csc8506\csc8506 team project\debug\link.5864.write.1.tlog
c:\users\cmdadmin\desktop\csc8506\csc8506 team project\debug\link.5916-cvtres.read.1.tlog
c:\users\cmdadmin\desktop\csc8506\csc8506 team project\debug\link.5916-cvtres.write.1.tlog
c:\users\cmdadmin\desktop\csc8506\csc8506 team project\debug\link.5916-rc.read.1.tlog
c:\users\cmdadmin\desktop\csc8506\csc8506 team project\debug\link.5916-rc.write.1.tlog
c:\users\cmdadmin\desktop\csc8506\csc8506 team project\debug\link.5916.read.1.tlog
c:\users\cmdadmin\desktop\csc8506\csc8506 team project\debug\link.5916.write.1.tlog
c:\users\cmdadmin\desktop\csc8506\csc8506 team project\debug\link.5992-cvtres.read.1.tlog
c:\users\cmdadmin\desktop\csc8506\csc8506 team project\debug\link.5992-cvtres.write.1.tlog
c:\users\cmdadmin\desktop\csc8506\csc8506 team project\debug\link.5992-rc.read.1.tlog
c:\users\cmdadmin\desktop\csc8506\csc8506 team project\debug\link.5992-rc.write.1.tlog
c:\users\cmdadmin\desktop\csc8506\csc8506 team project\debug\link.5992.read.1.tlog
c:\users\cmdadmin\desktop\csc8506\csc8506 team project\debug\link.5992.write.1.tlog
c:\users\cmdadmin\desktop\csc8506\csc8506 team project\debug\link.616-cvtres.read.1.tlog
c:\users\cmdadmin\desktop\csc8506\csc8506 team project\debug\link.616-cvtres.write.1.tlog
c:\users\cmdadmin\desktop\csc8506\csc8506 team project\debug\link.616-rc.read.1.tlog
c:\users\cmdadmin\desktop\csc8506\csc8506 team project\debug\link.616-rc.write.1.tlog
c:\users\cmdadmin\desktop\csc8506\csc8506 team project\debug\link.616.read.1.tlog
c:\users\cmdadmin\desktop\csc8506\csc8506 team project\debug\link.616.write.1.tlog
c:\users\cmdadmin\desktop\csc8506\csc8506 team project\debug\link.6176-cvtres.read.1.tlog
c:\users\cmdadmin\desktop\csc8506\csc8506 team project\debug\link.6176-cvtres.write.1.tlog
c:\users\cmdadmin\desktop\csc8506\csc8506 team project\debug\link.6176-rc.read.1.tlog
c:\users\cmdadmin\desktop\csc8506\csc8506 team project\debug\link.6176-rc.write.1.tlog
c:\users\cmdadmin\desktop\csc8506\csc8506 team project\debug\link.6176.read.1.tlog
c:\users\cmdadmin\desktop\csc8506\csc8506 team project\debug\link.6176.write.1.tlog
c:\users\cmdadmin\desktop\csc8506\csc8506 team project\debug\link.6184-cvtres.read.1.tlog
c:\users\cmdadmin\desktop\csc8506\csc8506 team project\debug\link.6184-cvtres.write.1.tlog
c:\users\cmdadmin\desktop\csc8506\csc8506 team project\debug\link.6184-rc.read.1.tlog
c:\users\cmdadmin\desktop\csc8506\csc8506 team project\debug\link.6184-rc.write.1.tlog
c:\users\cmdadmin\desktop\csc8506\csc8506 team project\debug\link.6184.read.1.tlog
c:\users\cmdadmin\desktop\csc8506\csc8506 team project\debug\link.6184.write.1.tlog
c:\users\cmdadmin\desktop\csc8506\csc8506 team project\debug\link.6264-cvtres.read.1.tlog
c:\users\cmdadmin\desktop\csc8506\csc8506 team project\debug\link.6264-cvtres.write.1.tlog
c:\users\cmdadmin\desktop\csc8506\csc8506 team project\debug\link.6264-rc.read.1.tlog
c:\users\cmdadmin\desktop\csc8506\csc8506 team project\debug\link.6264-rc.write.1.tlog
c:\users\cmdadmin\desktop\csc8506\csc8506 team project\debug\link.6264.read.1.tlog
c:\users\cmdadmin\desktop\csc8506\csc8506 team project\debug\link.6264.write.1.tlog
c:\users\cmdadmin\desktop\csc8506\csc8506 team project\debug\link.6652-cvtres.read.1.tlog
c:\users\cmdadmin\desktop\csc8506\csc8506 team project\debug\link.6652-cvtres.write.1.tlog
c:\users\cmdadmin\desktop\csc8506\csc8506 team project\debug\link.6652-rc.read.1.tlog
c:\users\cmdadmin\desktop\csc8506\csc8506 team project\debug\link.6652-rc.write.1.tlog
c:\users\cmdadmin\desktop\csc8506\csc8506 team project\debug\link.6652.read.1.tlog
c:\users\cmdadmin\desktop\csc8506\csc8506 team project\debug\link.6652.write.1.tlog
c:\users\cmdadmin\desktop\csc8506\csc8506 team project\debug\link.6760-cvtres.read.1.tlog
c:\users\cmdadmin\desktop\csc8506\csc8506 team project\debug\link.6760-cvtres.write.1.tlog
c:\users\cmdadmin\desktop\csc8506\csc8506 team project\debug\link.6760-rc.read.1.tlog
c:\users\cmdadmin\desktop\csc8506\csc8506 team project\debug\link.6760-rc.write.1.tlog
c:\users\cmdadmin\desktop\csc8506\csc8506 team project\debug\link.6760.read.1.tlog
c:\users\cmdadmin\desktop\csc8506\csc8506 team project\debug\link.6760.write.1.tlog
c:\users\cmdadmin\desktop\csc8506\csc8506 team project\debug\link.6832-cvtres.read.1.tlog
c:\users\cmdadmin\desktop\csc8506\csc8506 team project\debug\link.6832-cvtres.write.1.tlog
c:\users\cmdadmin\desktop\csc8506\csc8506 team project\debug\link.6832-rc.read.1.tlog
c:\users\cmdadmin\desktop\csc8506\csc8506 team project\debug\link.6832-rc.write.1.tlog
c:\users\cmdadmin\desktop\csc8506\csc8506 team project\debug\link.6832.read.1.tlog
c:\users\cmdadmin\desktop\csc8506\csc8506 team project\debug\link.6832.write.1.tlog
c:\users\cmdadmin\desktop\csc8506\csc8506 team project\debug\link.6852-cvtres.read.1.tlog
c:\users\cmdadmin\desktop\csc8506\csc8506 team project\debug\link.6852-cvtres.write.1.tlog
c:\users\cmdadmin\desktop\csc8506\csc8506 team project\debug\link.6852-rc.read.1.tlog
c:\users\cmdadmin\desktop\csc8506\csc8506 team project\debug\link.6852-rc.write.1.tlog
c:\users\cmdadmin\desktop\csc8506\csc8506 team project\debug\link.6852.read.1.tlog
c:\users\cmdadmin\desktop\csc8506\csc8506 team project\debug\link.6852.write.1.tlog
c:\users\cmdadmin\desktop\csc8506\csc8506 team project\debug\link.6876-cvtres.read.1.tlog
c:\users\cmdadmin\desktop\csc8506\csc8506 team project\debug\link.6876-cvtres.write.1.tlog
c:\users\cmdadmin\desktop\csc8506\csc8506 team project\debug\link.6876-rc.read.1.tlog
c:\users\cmdadmin\desktop\csc8506\csc8506 team project\debug\link.6876-rc.write.1.tlog
c:\users\cmdadmin\desktop\csc8506\csc8506 team project\debug\link.6876.read.1.tlog
c:\users\cmdadmin\desktop\csc8506\csc8506 team project\debug\link.6876.write.1.tlog
c:\users\cmdadmin\desktop\csc8506\csc8506 team project\debug\link.6992-cvtres.read.1.tlog
c:\users\cmdadmin\desktop\csc8506\csc8506 team project\debug\link.6992-cvtres.write.1.tlog
c:\users\cmdadmin\desktop\csc8506\csc8506 team project\debug\link.6992-rc.read.1.tlog
c:\users\cmdadmin\desktop\csc8506\csc8506 team project\debug\link.6992-rc.write.1.tlog
c:\users\cmdadmin\desktop\csc8506\csc8506 team project\debug\link.6992.read.1.tlog
c:\users\cmdadmin\desktop\csc8506\csc8506 team project\debug\link.6992.write.1.tlog
c:\users\cmdadmin\desktop\csc8506\csc8506 team project\debug\link.7160-cvtres.read.1.tlog
c:\users\cmdadmin\desktop\csc8506\csc8506 team project\debug\link.7160-cvtres.write.1.tlog
c:\users\cmdadmin\desktop\csc8506\csc8506 team project\debug\link.7160-rc.read.1.tlog
c:\users\cmdadmin\desktop\csc8506\csc8506 team project\debug\link.7160-rc.write.1.tlog
c:\users\cmdadmin\desktop\csc8506\csc8506 team project\debug\link.7160.read.1.tlog
c:\users\cmdadmin\desktop\csc8506\csc8506 team project\debug\link.7160.write.1.tlog
c:\users\cmdadmin\desktop\csc8506\csc8506 team project\debug\link.7468-cvtres.read.1.tlog
c:\users\cmdadmin\desktop\csc8506\csc8506 team project\debug\link.7468-cvtres.write.1.tlog
c:\users\cmdadmin\desktop\csc8506\csc8506 team project\debug\link.7468-rc.read.1.tlog
c:\users\cmdadmin\desktop\csc8506\csc8506 team project\debug\link.7468-rc.write.1.tlog
c:\users\cmdadmin\desktop\csc8506\csc8506 team project\debug\link.7468.read.1.tlog
c:\users\cmdadmin\desktop\csc8506\csc8506 team project\debug\link.7468.write.1.tlog
c:\users\cmdadmin\desktop\csc8506\csc8506 team project\debug\link.7764-cvtres.read.1.tlog
c:\users\cmdadmin\desktop\csc8506\csc8506 team project\debug\link.7764-cvtres.write.1.tlog
c:\users\cmdadmin\desktop\csc8506\csc8506 team project\debug\link.7764-rc.read.1.tlog
c:\users\cmdadmin\desktop\csc8506\csc8506 team project\debug\link.7764-rc.write.1.tlog
c:\users\cmdadmin\desktop\csc8506\csc8506 team project\debug\link.7764.read.1.tlog
c:\users\cmdadmin\desktop\csc8506\csc8506 team project\debug\link.7764.write.1.tlog
c:\users\cmdadmin\desktop\csc8506\csc8506 team project\debug\link.7820-cvtres.read.1.tlog
c:\users\cmdadmin\desktop\csc8506\csc8506 team project\debug\link.7820-cvtres.write.1.tlog
c:\users\cmdadmin\desktop\csc8506\csc8506 team project\debug\link.7820-rc.read.1.tlog
c:\users\cmdadmin\desktop\csc8506\csc8506 team project\debug\link.7820-rc.write.1.tlog
c:\users\cmdadmin\desktop\csc8506\csc8506 team project\debug\link.7820.read.1.tlog
c:\users\cmdadmin\desktop\csc8506\csc8506 team project\debug\link.7820.write.1.tlog
c:\users\cmdadmin\desktop\csc8506\csc8506 team project\debug\link.7980-cvtres.read.1.tlog
c:\users\cmdadmin\desktop\csc8506\csc8506 team project\debug\link.7980-cvtres.write.1.tlog
c:\users\cmdadmin\desktop\csc8506\csc8506 team project\debug\link.7980-rc.read.1.tlog
c:\users\cmdadmin\desktop\csc8506\csc8506 team project\debug\link.7980-rc.write.1.tlog
c:\users\cmdadmin\desktop\csc8506\csc8506 team project\debug\link.7980.read.1.tlog
c:\users\cmdadmin\desktop\csc8506\csc8506 team project\debug\link.7980.write.1.tlog
c:\users\cmdadmin\desktop\csc8506\csc8506 team project\debug\link.command.1.tlog
c:\users\cmdadmin\desktop\csc8506\csc8506 team project\debug\link.read.1.tlog
c:\users\cmdadmin\desktop\csc8506\csc8506 team project\debug\link.write.1.tlog
c:\users\cmdadmin\desktop\csc8506\csc8506 team project\debug\vc110.idb
c:\users\cmdadmin\desktop\csc8506\csc8506 team project\debug\vc120.idb
c:\users\cmdadmin\desktop\csc8506\csc8506 team project\debug\vc120.pdb
c:\users\cmdadmin\desktop\csc8506\debug\csc8506 team project.pdb
