Build started 20/02/2015 22:04:44.
     1>Project "C:\Users\Phoebe\Documents\GitHub\Team-Project-Server\CSC8506 Team Project\CSC8506 Team Project.vcxproj" on node 2 (Build target(s)).
       Project file contains ToolsVersion="12.0". This toolset may be unknown or missing, in which case you may be able to resolve this by installing the appropriate version of MSBuild, or the build may have been forced to a particular ToolsVersion for policy reasons. Treating the project as if it had ToolsVersion="4.0". For more information, please see http://go.microsoft.com/fwlink/?LinkId=291333.
     1>ClCompile:
         C:\Program Files (x86)\Microsoft Visual Studio 11.0\VC\bin\CL.exe /c /ZI /nologo /W3 /WX- /Od /Oy- /D _MBCS /Gm /EHsc /RTC1 /MDd /GS /fp:precise /Zc:wchar_t /Zc:forScope /Fo"Debug\\" /Fd"Debug\vc110.pdb" /Gd /TP /analyze- /errorReport:prompt CollisionHelper.cpp Framebuffer.cpp GInterface.cpp GameClass.cpp GameEntity.cpp Main.cpp Material.cpp MyGame.cpp Obstacle.cpp ParticleEmitter.cpp ParticleSceneNode.cpp PhysicsNode.cpp PhysicsSystem.cpp Renderer.cpp Spring.cpp Texture.cpp Track.cpp TrackChunkMesh.cpp TrackChunkSceneNode.cpp TrackChunks.cpp TrackGenerator.cpp TrackHeightGenMesh.cpp TrackRenderer.cpp TrackSettings.cpp TrackSpline.cpp TrackSplineMesh.cpp TrackSplineSceneNode.cpp
         TrackSplineSceneNode.cpp
         TrackSplineMesh.cpp
         TrackSpline.cpp
         TrackSettings.cpp
         TrackRenderer.cpp
         TrackHeightGenMesh.cpp
         TrackGenerator.cpp
         TrackChunks.cpp
         TrackChunkSceneNode.cpp
         TrackChunkMesh.cpp
         Track.cpp
         Texture.cpp
         Spring.cpp
         Renderer.cpp
         PhysicsSystem.cpp
         PhysicsNode.cpp
         ParticleSceneNode.cpp
     1>c:\users\phoebe\documents\github\team-project-server\csc8506 team project\particlescenenode.cpp(32): warning C4244: 'argument' : conversion from 'float' to 'int', possible loss of data
     1>c:\users\phoebe\documents\github\team-project-server\csc8506 team project\particlescenenode.cpp(40): warning C4244: 'argument' : conversion from 'float' to 'int', possible loss of data
         ParticleEmitter.cpp
         Obstacle.cpp
     1>c:\users\phoebe\documents\github\team-project-server\csc8506 team project\obstacle.cpp(114): warning C4018: '<' : signed/unsigned mismatch
     1>c:\users\phoebe\documents\github\team-project-server\csc8506 team project\obstacle.cpp(123): warning C4018: '<' : signed/unsigned mismatch
     1>c:\users\phoebe\documents\github\team-project-server\csc8506 team project\obstacle.cpp(351): warning C4018: '<' : signed/unsigned mismatch
         MyGame.cpp
         Generating Code...
         Compiling...
         Material.cpp
         Main.cpp
         GameEntity.cpp
         GameClass.cpp
     1>c:\users\phoebe\documents\github\team-project-server\csc8506 team project\gameclass.cpp(108): warning C4244: 'argument' : conversion from 'int' to 'float', possible loss of data
         GInterface.cpp
         Framebuffer.cpp
         CollisionHelper.cpp
         Generating Code...
       Link:
         C:\Program Files (x86)\Microsoft Visual Studio 11.0\VC\bin\link.exe /ERRORREPORT:PROMPT /OUT:"C:\Users\Phoebe\Documents\GitHub\Team-Project-Server\Debug\Team Project Server.exe" /INCREMENTAL /NOLOGO kernel32.lib user32.lib gdi32.lib winspool.lib comdlg32.lib advapi32.lib shell32.lib ole32.lib oleaut32.lib uuid.lib odbc32.lib odbccp32.lib /MANIFEST /MANIFESTUAC:"level='asInvoker' uiAccess='false'" /manifest:embed /DEBUG /PDB:"C:\Users\Phoebe\Documents\GitHub\Team-Project-Server\Debug\Team Project Server.pdb" /TLBID:1 /DYNAMICBASE /NXCOMPAT /IMPLIB:"C:\Users\Phoebe\Documents\GitHub\Team-Project-Server\Debug\Team Project Server.lib" /MACHINE:X86 Debug\CollisionHelper.obj
         Debug\Framebuffer.obj
         Debug\GameClass.obj
         Debug\GameEntity.obj
         Debug\GInterface.obj
         Debug\Main.obj
         Debug\Material.obj
         Debug\MyGame.obj
         Debug\Obstacle.obj
         Debug\ParticleEmitter.obj
         Debug\PhysicsNode.obj
         Debug\PhysicsSystem.obj
         Debug\Renderer.obj
         Debug\ParticleSceneNode.obj
         Debug\TrackChunks.obj
         Debug\TrackGenerator.obj
         Debug\TrackRenderer.obj
         Debug\TrackSettings.obj
         Debug\TrackSpline.obj
         Debug\TrackSplineMesh.obj
         Debug\Spring.obj
         Debug\Texture.obj
         Debug\Track.obj
         Debug\TrackChunkMesh.obj
         Debug\TrackHeightGenMesh.obj
         Debug\TrackChunkSceneNode.obj
         Debug\TrackSplineSceneNode.obj
     1>TrackRenderer.obj : warning LNK4217: locally defined symbol ___glewActiveTexture imported in function "public: __thiscall TrackRenderer::TrackRenderer(class TrackSettings const &,class TrackChunks const &,class TrackSpline const &)" (??0TrackRenderer@@QAE@ABVTrackSettings@@ABVTrackChunks@@ABVTrackSpline@@@Z)
     1>GInterface.obj : warning LNK4049: locally defined symbol ___glewActiveTexture imported
     1>ParticleEmitter.obj : warning LNK4049: locally defined symbol ___glewActiveTexture imported
     1>Renderer.obj : warning LNK4049: locally defined symbol ___glewActiveTexture imported
     1>TrackChunks.obj : warning LNK4049: locally defined symbol ___glewActiveTexture imported
     1>GInterface.obj : warning LNK4049: locally defined symbol ___glewGetUniformLocation imported
     1>ParticleSceneNode.obj : warning LNK4049: locally defined symbol ___glewGetUniformLocation imported
     1>GInterface.obj : warning LNK4049: locally defined symbol ___glewUniform1f imported
     1>ParticleSceneNode.obj : warning LNK4049: locally defined symbol ___glewUniform1f imported
     1>TrackGenerator.obj : warning LNK4049: locally defined symbol ___glewUniform1f imported
     1>TrackRenderer.obj : warning LNK4049: locally defined symbol ___glewUniform1f imported
     1>GInterface.obj : warning LNK4049: locally defined symbol ___glewUniform1i imported
     1>ParticleSceneNode.obj : warning LNK4049: locally defined symbol ___glewUniform1i imported
     1>TrackRenderer.obj : warning LNK4049: locally defined symbol ___glewUniform1i imported
     1>GInterface.obj : warning LNK4049: locally defined symbol ___glewUniform2f imported
     1>TrackGenerator.obj : warning LNK4049: locally defined symbol ___glewUniform2f imported
     1>TrackRenderer.obj : warning LNK4049: locally defined symbol ___glewUniform2f imported
     1>GInterface.obj : warning LNK4049: locally defined symbol ___glewUniform3fv imported
     1>GInterface.obj : warning LNK4049: locally defined symbol ___glewUniform4fv imported
     1>GInterface.obj : warning LNK4049: locally defined symbol ___glewUniformMatrix4fv imported
     1>TrackGenerator.obj : warning LNK4049: locally defined symbol ___glewUniformMatrix4fv imported
     1>GInterface.obj : warning LNK4049: locally defined symbol ___glewUseProgram imported
     1>Renderer.obj : warning LNK4049: locally defined symbol ___glewUseProgram imported
     1>TrackGenerator.obj : warning LNK4049: locally defined symbol ___glewUseProgram imported
     1>GInterface.obj : warning LNK4049: locally defined symbol ___glewBindFramebuffer imported
     1>Renderer.obj : warning LNK4049: locally defined symbol ___glewBindFramebuffer imported
     1>TrackGenerator.obj : warning LNK4049: locally defined symbol ___glewBindFramebuffer imported
     1>GInterface.obj : warning LNK4049: locally defined symbol ___glewFramebufferTexture2D imported
     1>GInterface.obj : warning LNK4049: locally defined symbol ___glewGenFramebuffers imported
     1>TrackGenerator.obj : warning LNK4049: locally defined symbol ___glewGenFramebuffers imported
     1>ParticleEmitter.obj : warning LNK4049: locally defined symbol ___glewBindBuffer imported
     1>ParticleEmitter.obj : warning LNK4049: locally defined symbol ___glewBufferData imported
     1>ParticleEmitter.obj : warning LNK4049: locally defined symbol ___glewBufferSubData imported
     1>ParticleEmitter.obj : warning LNK4049: locally defined symbol ___glewDeleteBuffers imported
     1>ParticleEmitter.obj : warning LNK4049: locally defined symbol ___glewGenBuffers imported
     1>ParticleEmitter.obj : warning LNK4049: locally defined symbol ___glewEnableVertexAttribArray imported
     1>ParticleEmitter.obj : warning LNK4049: locally defined symbol ___glewVertexAttribPointer imported
     1>ParticleEmitter.obj : warning LNK4049: locally defined symbol ___glewBindVertexArray imported
     1>TrackSplineMesh.obj : warning LNK4049: locally defined symbol ___glewBindVertexArray imported
     1>TrackChunkMesh.obj : warning LNK4049: locally defined symbol ___glewBindVertexArray imported
     1>TrackHeightGenMesh.obj : warning LNK4049: locally defined symbol ___glewBindVertexArray imported
     1>TrackGenerator.obj : warning LNK4049: locally defined symbol ___glewFramebufferTexture imported
     1>TrackGenerator.obj : warning LNK4049: locally defined symbol ___glewDeleteFramebuffers imported
     1>TrackRenderer.obj : warning LNK4049: locally defined symbol ___glewUniform3f imported
     1>glew32.lib(glew.obj) : warning LNK4099: PDB 'vc120.pdb' was not found with 'glew32.lib(glew.obj)' or at 'C:\Users\Phoebe\Documents\GitHub\Team-Project-Server\Debug\vc120.pdb'; linking object as if no debug info
     1>SOIL.lib(image_DXT.obj) : warning LNK4099: PDB 'vc120.pdb' was not found with 'SOIL.lib(image_DXT.obj)' or at 'C:\Users\Phoebe\Documents\GitHub\Team-Project-Server\Debug\vc120.pdb'; linking object as if no debug info
     1>SOIL.lib(image_helper.obj) : warning LNK4099: PDB 'vc120.pdb' was not found with 'SOIL.lib(image_helper.obj)' or at 'C:\Users\Phoebe\Documents\GitHub\Team-Project-Server\Debug\vc120.pdb'; linking object as if no debug info
     1>SOIL.lib(SOIL.obj) : warning LNK4099: PDB 'vc120.pdb' was not found with 'SOIL.lib(SOIL.obj)' or at 'C:\Users\Phoebe\Documents\GitHub\Team-Project-Server\Debug\vc120.pdb'; linking object as if no debug info
     1>SOIL.lib(stb_image_aug.obj) : warning LNK4099: PDB 'vc120.pdb' was not found with 'SOIL.lib(stb_image_aug.obj)' or at 'C:\Users\Phoebe\Documents\GitHub\Team-Project-Server\Debug\vc120.pdb'; linking object as if no debug info
         CSC8506 Team Project.vcxproj -> C:\Users\Phoebe\Documents\GitHub\Team-Project-Server\Debug\Team Project Server.exe
     1>Done Building Project "C:\Users\Phoebe\Documents\GitHub\Team-Project-Server\CSC8506 Team Project\CSC8506 Team Project.vcxproj" (Build target(s)).

Build succeeded.

Time Elapsed 00:00:32.63
